2022-05-06 16:42:09.678 [main] SafetyNetApplication - Starting SafetyNetApplication using Java 1.8.0_312 on jeremy-System-Product-Name with PID 16379 (/home/jeremy/git/SafetyNetAlerts/target/classes started by jeremy in /home/jeremy/git/SafetyNetAlerts)
2022-05-06 16:42:09.686 [main] SafetyNetApplication - Running with Spring Boot v2.6.6, Spring v5.3.18
2022-05-06 16:42:09.687 [main] SafetyNetApplication - No active profile set, falling back to 1 default profile: "default"
2022-05-06 16:42:12.433 [main] SafetyNetApplication - Started SafetyNetApplication in 3.116 seconds (JVM running for 4.038)
2022-05-06 16:46:46.545 [main] SafetyNetApplication - Starting SafetyNetApplication using Java 1.8.0_312 on jeremy-System-Product-Name with PID 16633 (/home/jeremy/git/SafetyNetAlerts/target/classes started by jeremy in /home/jeremy/git/SafetyNetAlerts)
2022-05-06 16:46:46.553 [main] SafetyNetApplication - Running with Spring Boot v2.6.6, Spring v5.3.18
2022-05-06 16:46:46.554 [main] SafetyNetApplication - No active profile set, falling back to 1 default profile: "default"
2022-05-06 16:46:49.182 [main] SafetyNetApplication - Started SafetyNetApplication in 3.001 seconds (JVM running for 3.899)
2022-05-06 16:47:42.234 [http-nio-8080-exec-4] PersonController - Add a new person
2022-05-06 16:47:42.235 [http-nio-8080-exec-4] PersonManagerImpl - Add a person: string string
2022-05-06 16:47:42.236 [http-nio-8080-exec-4] PersonManagerImpl - person has been added
[INFO ] 2022-05-06 16:51:02.645 [main] SafetyNetApplication - Starting SafetyNetApplication using Java 1.8.0_312 on jeremy-System-Product-Name with PID 16964 (/home/jeremy/git/SafetyNetAlerts/target/classes started by jeremy in /home/jeremy/git/SafetyNetAlerts)
[DEBUG] 2022-05-06 16:51:02.653 [main] SafetyNetApplication - Running with Spring Boot v2.6.6, Spring v5.3.18
[INFO ] 2022-05-06 16:51:02.654 [main] SafetyNetApplication - No active profile set, falling back to 1 default profile: "default"
[INFO ] 2022-05-06 16:51:05.283 [main] SafetyNetApplication - Started SafetyNetApplication in 2.997 seconds (JVM running for 3.89)
[INFO ] 2022-05-06 17:08:44.543 [main] PersonManagerImplIntegrationTest - Starting PersonManagerImplIntegrationTest using Java 1.8.0_312 on jeremy-System-Product-Name with PID 17691 (started by jeremy in /home/jeremy/git/SafetyNetAlerts)
[DEBUG] 2022-05-06 17:08:44.547 [main] PersonManagerImplIntegrationTest - Running with Spring Boot v2.6.6, Spring v5.3.18
[INFO ] 2022-05-06 17:08:44.547 [main] PersonManagerImplIntegrationTest - No active profile set, falling back to 1 default profile: "default"
[INFO ] 2022-05-06 17:08:48.301 [main] PersonManagerImplIntegrationTest - Started PersonManagerImplIntegrationTest in 4.108 seconds (JVM running for 5.891)
[DEBUG] 2022-05-06 17:08:48.536 [main] PersonManagerImpl - Get all persons by address: John Boyd
[INFO ] 2022-05-06 17:09:57.031 [main] PersonManagerImplIntegrationTest - Starting PersonManagerImplIntegrationTest using Java 1.8.0_312 on jeremy-System-Product-Name with PID 17805 (started by jeremy in /home/jeremy/git/SafetyNetAlerts)
[DEBUG] 2022-05-06 17:09:57.035 [main] PersonManagerImplIntegrationTest - Running with Spring Boot v2.6.6, Spring v5.3.18
[INFO ] 2022-05-06 17:09:57.035 [main] PersonManagerImplIntegrationTest - No active profile set, falling back to 1 default profile: "default"
[INFO ] 2022-05-06 17:10:00.747 [main] PersonManagerImplIntegrationTest - Started PersonManagerImplIntegrationTest in 4.05 seconds (JVM running for 5.864)
[DEBUG] 2022-05-06 17:10:00.981 [main] PersonManagerImpl - Get all persons by address: [1, 3]
[INFO ] 2022-05-06 17:12:47.853 [main] PersonManagerImplIntegrationTest - Starting PersonManagerImplIntegrationTest using Java 1.8.0_312 on jeremy-System-Product-Name with PID 17938 (started by jeremy in /home/jeremy/git/SafetyNetAlerts)
[DEBUG] 2022-05-06 17:12:47.856 [main] PersonManagerImplIntegrationTest - Running with Spring Boot v2.6.6, Spring v5.3.18
[INFO ] 2022-05-06 17:12:47.857 [main] PersonManagerImplIntegrationTest - No active profile set, falling back to 1 default profile: "default"
[INFO ] 2022-05-06 17:12:51.731 [main] PersonManagerImplIntegrationTest - Started PersonManagerImplIntegrationTest in 4.208 seconds (JVM running for 6.06)
[DEBUG] 2022-05-06 17:12:51.973 [main] PersonManagerImpl - Get all persons by address: John Boyd
[DEBUG] 2022-05-06 17:12:51.984 [main] PersonManagerImpl - Get all persons by address: John Boyd
[INFO ] 2022-05-06 17:14:27.720 [main] PersonManagerImplIntegrationTest - Starting PersonManagerImplIntegrationTest using Java 1.8.0_312 on jeremy-System-Product-Name with PID 18077 (started by jeremy in /home/jeremy/git/SafetyNetAlerts)
[DEBUG] 2022-05-06 17:14:27.723 [main] PersonManagerImplIntegrationTest - Running with Spring Boot v2.6.6, Spring v5.3.18
[INFO ] 2022-05-06 17:14:27.727 [main] PersonManagerImplIntegrationTest - No active profile set, falling back to 1 default profile: "default"
[INFO ] 2022-05-06 17:14:32.444 [main] PersonManagerImplIntegrationTest - Started PersonManagerImplIntegrationTest in 5.322 seconds (JVM running for 7.363)
[DEBUG] 2022-05-06 17:14:32.712 [main] PersonManagerImpl - Get all persons by address: John Boyd
[INFO ] 2022-05-09 09:31:37.552 [main] SafetyNetApplication - Starting SafetyNetApplication using Java 1.8.0_312 on jeremy-System-Product-Name with PID 8061 (/home/jeremy/git/SafetyNetAlerts/target/classes started by jeremy in /home/jeremy/git/SafetyNetAlerts)
[DEBUG] 2022-05-09 09:31:37.567 [main] SafetyNetApplication - Running with Spring Boot v2.6.6, Spring v5.3.18
[INFO ] 2022-05-09 09:31:37.568 [main] SafetyNetApplication - No active profile set, falling back to 1 default profile: "default"
[INFO ] 2022-05-09 09:31:41.134 [main] SafetyNetApplication - Started SafetyNetApplication in 4.282 seconds (JVM running for 5.991)
[DEBUG] 2022-05-09 09:32:02.373 [http-nio-8080-exec-10] FirestationManagerImpl - Get persons by firestation number: 1
[DEBUG] 2022-05-09 09:32:02.378 [http-nio-8080-exec-10] FirestationManagerImpl - Get persons by firestation number: 1
[DEBUG] 2022-05-09 09:32:12.928 [http-nio-8080-exec-1] FirestationManagerImpl - Get persons by firestation number: 4
[DEBUG] 2022-05-09 09:32:12.928 [http-nio-8080-exec-1] FirestationManagerImpl - Get persons by firestation number: 4
[DEBUG] 2022-05-09 09:32:18.998 [http-nio-8080-exec-2] FirestationManagerImpl - Get persons by firestation number: 3
[DEBUG] 2022-05-09 09:32:18.998 [http-nio-8080-exec-2] FirestationManagerImpl - Get persons by firestation number: 3
[INFO ] 2022-05-09 09:40:58.753 [main] FirestationManagerImplIntegrationTest - Starting FirestationManagerImplIntegrationTest using Java 1.8.0_312 on jeremy-System-Product-Name with PID 8550 (started by jeremy in /home/jeremy/git/SafetyNetAlerts)
[DEBUG] 2022-05-09 09:40:58.763 [main] FirestationManagerImplIntegrationTest - Running with Spring Boot v2.6.6, Spring v5.3.18
[INFO ] 2022-05-09 09:40:58.764 [main] FirestationManagerImplIntegrationTest - No active profile set, falling back to 1 default profile: "default"
[INFO ] 2022-05-09 09:41:02.832 [main] FirestationManagerImplIntegrationTest - Started FirestationManagerImplIntegrationTest in 4.549 seconds (JVM running for 6.774)
[DEBUG] 2022-05-09 09:41:03.164 [main] FirestationManagerImpl - Get persons by firestation number: 1
[INFO ] 2022-05-09 09:42:22.258 [main] FirestationManagerImplIntegrationTest - Starting FirestationManagerImplIntegrationTest using Java 1.8.0_312 on jeremy-System-Product-Name with PID 8674 (started by jeremy in /home/jeremy/git/SafetyNetAlerts)
[DEBUG] 2022-05-09 09:42:22.261 [main] FirestationManagerImplIntegrationTest - Running with Spring Boot v2.6.6, Spring v5.3.18
[INFO ] 2022-05-09 09:42:22.261 [main] FirestationManagerImplIntegrationTest - No active profile set, falling back to 1 default profile: "default"
[INFO ] 2022-05-09 09:42:26.352 [main] FirestationManagerImplIntegrationTest - Started FirestationManagerImplIntegrationTest in 4.569 seconds (JVM running for 6.806)
[DEBUG] 2022-05-09 09:42:26.626 [main] FirestationManagerImpl - Get persons by firestation number: 1
[INFO ] 2022-05-09 09:43:26.539 [main] FirestationManagerImplIntegrationTest - Starting FirestationManagerImplIntegrationTest using Java 1.8.0_312 on jeremy-System-Product-Name with PID 8790 (started by jeremy in /home/jeremy/git/SafetyNetAlerts)
[DEBUG] 2022-05-09 09:43:26.546 [main] FirestationManagerImplIntegrationTest - Running with Spring Boot v2.6.6, Spring v5.3.18
[INFO ] 2022-05-09 09:43:26.547 [main] FirestationManagerImplIntegrationTest - No active profile set, falling back to 1 default profile: "default"
[INFO ] 2022-05-09 09:43:30.888 [main] FirestationManagerImplIntegrationTest - Started FirestationManagerImplIntegrationTest in 4.767 seconds (JVM running for 6.759)
[DEBUG] 2022-05-09 09:43:31.180 [main] FirestationManagerImpl - Get persons by firestation number: 1
[INFO ] 2022-05-09 09:43:56.429 [main] FirestationManagerImplIntegrationTest - Starting FirestationManagerImplIntegrationTest using Java 1.8.0_312 on jeremy-System-Product-Name with PID 8898 (started by jeremy in /home/jeremy/git/SafetyNetAlerts)
[DEBUG] 2022-05-09 09:43:56.437 [main] FirestationManagerImplIntegrationTest - Running with Spring Boot v2.6.6, Spring v5.3.18
[INFO ] 2022-05-09 09:43:56.439 [main] FirestationManagerImplIntegrationTest - No active profile set, falling back to 1 default profile: "default"
[INFO ] 2022-05-09 09:44:01.742 [main] FirestationManagerImplIntegrationTest - Started FirestationManagerImplIntegrationTest in 5.942 seconds (JVM running for 8.08)
[DEBUG] 2022-05-09 09:44:02.006 [main] FirestationManagerImpl - Get persons by firestation number: 1
[INFO ] 2022-05-09 09:44:20.539 [main] CommunityEmailControllerTest - Starting CommunityEmailControllerTest using Java 1.8.0_312 on jeremy-System-Product-Name with PID 9059 (started by jeremy in /home/jeremy/git/SafetyNetAlerts)
[DEBUG] 2022-05-09 09:44:20.574 [main] CommunityEmailControllerTest - Running with Spring Boot v2.6.6, Spring v5.3.18
[INFO ] 2022-05-09 09:44:20.576 [main] CommunityEmailControllerTest - No active profile set, falling back to 1 default profile: "default"
[INFO ] 2022-05-09 09:44:24.039 [main] CommunityEmailControllerTest - Started CommunityEmailControllerTest in 4.279 seconds (JVM running for 8.749)
[DEBUG] 2022-05-09 09:44:24.464 [main] PersonManagerImpl - Delete a person: lastNameTest firstNameTest
[INFO ] 2022-05-09 09:44:24.469 [main] PersonManagerImpl - person has been removed
[DEBUG] 2022-05-09 09:44:24.478 [main] PersonManagerImpl - Update a person: firstNameTest lastNameTest
[INFO ] 2022-05-09 09:44:24.479 [main] PersonManagerImpl - person has been updated
[DEBUG] 2022-05-09 09:44:24.499 [main] PersonManagerImpl - Add a person: lastName firstName
[ERROR] 2022-05-09 09:44:24.500 [main] PersonManagerImpl - Impossible to create this person, this person exist already
[DEBUG] 2022-05-09 09:44:24.508 [main] PersonManagerImpl - Add a person: lastNameTest firstNameTest
[INFO ] 2022-05-09 09:44:24.511 [main] PersonManagerImpl - person has been added
[INFO ] 2022-05-09 09:44:24.612 [main] PersonManagerImplIntegrationTest - Starting PersonManagerImplIntegrationTest using Java 1.8.0_312 on jeremy-System-Product-Name with PID 9059 (started by jeremy in /home/jeremy/git/SafetyNetAlerts)
[DEBUG] 2022-05-09 09:44:24.613 [main] PersonManagerImplIntegrationTest - Running with Spring Boot v2.6.6, Spring v5.3.18
[INFO ] 2022-05-09 09:44:24.613 [main] PersonManagerImplIntegrationTest - No active profile set, falling back to 1 default profile: "default"
[INFO ] 2022-05-09 09:44:27.965 [main] PersonManagerImplIntegrationTest - Started PersonManagerImplIntegrationTest in 3.411 seconds (JVM running for 12.676)
[DEBUG] 2022-05-09 09:44:27.982 [main] PersonManagerImpl - Get all mails by the city: Culver
[DEBUG] 2022-05-09 09:44:27.993 [main] PersonManagerImpl - Update a person: Jeremy Boyd
[ERROR] 2022-05-09 09:44:27.995 [main] PersonManagerImpl - Impossible to update this person, this person doesn't exist
[DEBUG] 2022-05-09 09:44:28.002 [main] PersonManagerImpl - Update a person: Boyd Jacob
[INFO ] 2022-05-09 09:44:28.002 [main] PersonManagerImpl - person has been updated
[DEBUG] 2022-05-09 09:44:28.008 [main] PersonManagerImpl - Get all persons by address: John Boyd
[DEBUG] 2022-05-09 09:44:28.036 [main] PersonManagerImpl - Delete a person: Boyd Jacob
[INFO ] 2022-05-09 09:44:28.037 [main] PersonManagerImpl - person has been removed
[DEBUG] 2022-05-09 09:44:28.047 [main] PersonManagerImpl - Add a person: Jeremy Charpentier
[INFO ] 2022-05-09 09:44:28.047 [main] PersonManagerImpl - person has been added
[DEBUG] 2022-05-09 09:44:28.054 [main] PersonManagerImpl - Get all mails by the city: 
[DEBUG] 2022-05-09 09:44:28.063 [main] PersonManagerImpl - Add a person: John Boyd
[INFO ] 2022-05-09 09:44:28.064 [main] PersonManagerImpl - person has been added
[DEBUG] 2022-05-09 09:44:28.065 [main] PersonManagerImpl - Add a person: John Boyd
[ERROR] 2022-05-09 09:44:28.065 [main] PersonManagerImpl - Impossible to create this person, this person exist already
[DEBUG] 2022-05-09 09:44:28.073 [main] PersonManagerImpl - Delete a person: Jeremy Boyd
[ERROR] 2022-05-09 09:44:28.073 [main] PersonManagerImpl - Impossible to delete this person, this person doesn't exist
[DEBUG] 2022-05-09 09:44:28.097 [main] FirestationManagerImpl - Delete a firestation: com.openclassrooms.safetynet.model.Firestation@352ca561
[ERROR] 2022-05-09 09:44:28.098 [main] FirestationManagerImpl - Error deleting a firestation
[DEBUG] 2022-05-09 09:44:28.105 [main] FirestationManagerImpl - Get phone by firestation number1
[INFO ] 2022-05-09 09:44:28.106 [main] FirestationManagerImpl - Phone number by firestation number has been recovered
[DEBUG] 2022-05-09 09:44:28.139 [main] FirestationManagerImpl - Update a firestation: com.openclassrooms.safetynet.model.Firestation@89607f4
[INFO ] 2022-05-09 09:44:28.140 [main] FirestationManagerImpl - Firestation has been updated
[DEBUG] 2022-05-09 09:44:28.171 [main] FirestationManagerImpl - Add a firestation: com.openclassrooms.safetynet.model.Firestation@1edc7526
[ERROR] 2022-05-09 09:44:28.171 [main] FirestationManagerImpl - Error creating a new firestation
[DEBUG] 2022-05-09 09:44:28.182 [main] FirestationManagerImpl - Get persons by firestation number: 1
[DEBUG] 2022-05-09 09:44:28.206 [main] FirestationManagerImpl - Delete a firestation: com.openclassrooms.safetynet.model.Firestation@20c24fbc
[INFO ] 2022-05-09 09:44:28.208 [main] FirestationManagerImpl - Firestation has benn removed
[DEBUG] 2022-05-09 09:44:28.217 [main] FirestationManagerImpl - Add a firestation: com.openclassrooms.safetynet.model.Firestation@251c131e
[INFO ] 2022-05-09 09:44:28.219 [main] FirestationManagerImpl - Firestation has benn created
[DEBUG] 2022-05-09 09:44:28.226 [main] FirestationManagerImpl - Update a firestation: com.openclassrooms.safetynet.model.Firestation@763bd2b1
[ERROR] 2022-05-09 09:44:28.227 [main] FirestationManagerImpl - Error updating a firestation
[DEBUG] 2022-05-09 09:44:28.245 [main] FirestationManagerImpl - Add a firestation: com.openclassrooms.safetynet.model.Firestation@2ae19c39
[INFO ] 2022-05-09 09:44:28.245 [main] FirestationManagerImpl - Firestation has benn created
[INFO ] 2022-05-09 09:44:28.414 [main] MedicalrecordsManagerImpl - Add a medical recordcom.openclassrooms.safetynet.model.Medicalrecord@3eb81452
[INFO ] 2022-05-09 09:44:28.427 [main] MedicalrecordsManagerImpl - Update a medical recordcom.openclassrooms.safetynet.model.Medicalrecord@d67714
[INFO ] 2022-05-09 09:44:28.452 [main] MedicalrecordsManagerImpl - Add a medical recordcom.openclassrooms.safetynet.model.Medicalrecord@2661fef2
[INFO ] 2022-05-09 09:44:28.474 [main] MedicalrecordsManagerImpl - Delete a medical recordcom.openclassrooms.safetynet.model.Medicalrecord@6616a114
[INFO ] 2022-05-09 09:44:28.493 [main] MedicalrecordsManagerImpl - Update a medical recordcom.openclassrooms.safetynet.model.Medicalrecord@1158e89a
[INFO ] 2022-05-09 09:44:28.500 [main] MedicalrecordsManagerImpl - Delete a medical recordcom.openclassrooms.safetynet.model.Medicalrecord@2699f2b8
[INFO ] 2022-05-09 09:44:28.524 [main] MedicalrecordsManagerImpl - Add a medical recordcom.openclassrooms.safetynet.model.Medicalrecord@1455d587
[INFO ] 2022-05-09 09:44:28.529 [main] MedicalrecordsManagerImpl - Update a medical recordcom.openclassrooms.safetynet.model.Medicalrecord@12289e07
[INFO ] 2022-05-09 09:44:28.536 [main] MedicalrecordsManagerImpl - Add a medical recordcom.openclassrooms.safetynet.model.Medicalrecord@7ce73cb0
[INFO ] 2022-05-09 09:44:28.541 [main] MedicalrecordsManagerImpl - Delete a medical recordcom.openclassrooms.safetynet.model.Medicalrecord@3c24f1ea
[INFO ] 2022-05-09 09:46:08.855 [main] PersonManagerImplIntegrationTest - Starting PersonManagerImplIntegrationTest using Java 1.8.0_312 on jeremy-System-Product-Name with PID 9587 (started by jeremy in /home/jeremy/git/SafetyNetAlerts)
[DEBUG] 2022-05-09 09:46:08.858 [main] PersonManagerImplIntegrationTest - Running with Spring Boot v2.6.6, Spring v5.3.18
[INFO ] 2022-05-09 09:46:08.859 [main] PersonManagerImplIntegrationTest - No active profile set, falling back to 1 default profile: "default"
[INFO ] 2022-05-09 09:46:12.925 [main] PersonManagerImplIntegrationTest - Started PersonManagerImplIntegrationTest in 4.43 seconds (JVM running for 6.439)
[DEBUG] 2022-05-09 09:46:13.194 [main] PersonManagerImpl - Get all persons by address: John Boyd
[INFO ] 2022-05-09 09:46:32.490 [main] PersonManagerImplIntegrationTest - Starting PersonManagerImplIntegrationTest using Java 1.8.0_312 on jeremy-System-Product-Name with PID 9695 (started by jeremy in /home/jeremy/git/SafetyNetAlerts)
[DEBUG] 2022-05-09 09:46:32.493 [main] PersonManagerImplIntegrationTest - Running with Spring Boot v2.6.6, Spring v5.3.18
[INFO ] 2022-05-09 09:46:32.494 [main] PersonManagerImplIntegrationTest - No active profile set, falling back to 1 default profile: "default"
[INFO ] 2022-05-09 09:46:37.901 [main] PersonManagerImplIntegrationTest - Started PersonManagerImplIntegrationTest in 5.862 seconds (JVM running for 7.923)
[DEBUG] 2022-05-09 09:46:38.218 [main] PersonManagerImpl - Get all persons by address: John Boyd
[INFO ] 2022-05-09 09:46:54.817 [main] CommunityEmailControllerTest - Starting CommunityEmailControllerTest using Java 1.8.0_312 on jeremy-System-Product-Name with PID 9823 (started by jeremy in /home/jeremy/git/SafetyNetAlerts)
[DEBUG] 2022-05-09 09:46:54.851 [main] CommunityEmailControllerTest - Running with Spring Boot v2.6.6, Spring v5.3.18
[INFO ] 2022-05-09 09:46:54.855 [main] CommunityEmailControllerTest - No active profile set, falling back to 1 default profile: "default"
[INFO ] 2022-05-09 09:47:00.312 [main] CommunityEmailControllerTest - Started CommunityEmailControllerTest in 6.198 seconds (JVM running for 9.943)
[DEBUG] 2022-05-09 09:47:00.693 [main] PersonManagerImpl - Delete a person: lastNameTest firstNameTest
[INFO ] 2022-05-09 09:47:00.724 [main] PersonManagerImpl - person has been removed
[DEBUG] 2022-05-09 09:47:00.742 [main] PersonManagerImpl - Update a person: firstNameTest lastNameTest
[INFO ] 2022-05-09 09:47:00.742 [main] PersonManagerImpl - person has been updated
[DEBUG] 2022-05-09 09:47:00.778 [main] PersonManagerImpl - Add a person: lastName firstName
[ERROR] 2022-05-09 09:47:00.780 [main] PersonManagerImpl - Impossible to create this person, this person exist already
[DEBUG] 2022-05-09 09:47:00.793 [main] PersonManagerImpl - Add a person: lastNameTest firstNameTest
[INFO ] 2022-05-09 09:47:00.793 [main] PersonManagerImpl - person has been added
[INFO ] 2022-05-09 09:47:01.025 [main] PersonManagerImplIntegrationTest - Starting PersonManagerImplIntegrationTest using Java 1.8.0_312 on jeremy-System-Product-Name with PID 9823 (started by jeremy in /home/jeremy/git/SafetyNetAlerts)
[DEBUG] 2022-05-09 09:47:01.026 [main] PersonManagerImplIntegrationTest - Running with Spring Boot v2.6.6, Spring v5.3.18
[INFO ] 2022-05-09 09:47:01.027 [main] PersonManagerImplIntegrationTest - No active profile set, falling back to 1 default profile: "default"
[INFO ] 2022-05-09 09:47:04.347 [main] PersonManagerImplIntegrationTest - Started PersonManagerImplIntegrationTest in 3.438 seconds (JVM running for 13.978)
[DEBUG] 2022-05-09 09:47:04.366 [main] PersonManagerImpl - Get all mails by the city: Culver
[DEBUG] 2022-05-09 09:47:04.378 [main] PersonManagerImpl - Update a person: Jeremy Boyd
[ERROR] 2022-05-09 09:47:04.381 [main] PersonManagerImpl - Impossible to update this person, this person doesn't exist
[DEBUG] 2022-05-09 09:47:04.387 [main] PersonManagerImpl - Update a person: Boyd Jacob
[INFO ] 2022-05-09 09:47:04.388 [main] PersonManagerImpl - person has been updated
[DEBUG] 2022-05-09 09:47:04.395 [main] PersonManagerImpl - Get all persons by address: John Boyd
[DEBUG] 2022-05-09 09:47:04.419 [main] PersonManagerImpl - Delete a person: Boyd Jacob
[INFO ] 2022-05-09 09:47:04.427 [main] PersonManagerImpl - person has been removed
[DEBUG] 2022-05-09 09:47:04.441 [main] PersonManagerImpl - Add a person: Jeremy Charpentier
[INFO ] 2022-05-09 09:47:04.447 [main] PersonManagerImpl - person has been added
[DEBUG] 2022-05-09 09:47:04.455 [main] PersonManagerImpl - Get all mails by the city: 
[DEBUG] 2022-05-09 09:47:04.474 [main] PersonManagerImpl - Add a person: John Boyd
[INFO ] 2022-05-09 09:47:04.476 [main] PersonManagerImpl - person has been added
[DEBUG] 2022-05-09 09:47:04.478 [main] PersonManagerImpl - Add a person: John Boyd
[ERROR] 2022-05-09 09:47:04.478 [main] PersonManagerImpl - Impossible to create this person, this person exist already
[DEBUG] 2022-05-09 09:47:04.485 [main] PersonManagerImpl - Delete a person: Jeremy Boyd
[ERROR] 2022-05-09 09:47:04.486 [main] PersonManagerImpl - Impossible to delete this person, this person doesn't exist
[DEBUG] 2022-05-09 09:47:04.586 [main] FirestationManagerImpl - Delete a firestation: com.openclassrooms.safetynet.model.Firestation@a07134c
[ERROR] 2022-05-09 09:47:04.588 [main] FirestationManagerImpl - Error deleting a firestation
[DEBUG] 2022-05-09 09:47:04.595 [main] FirestationManagerImpl - Get phone by firestation number1
[INFO ] 2022-05-09 09:47:04.601 [main] FirestationManagerImpl - Phone number by firestation number has been recovered
[DEBUG] 2022-05-09 09:47:04.611 [main] FirestationManagerImpl - Update a firestation: com.openclassrooms.safetynet.model.Firestation@1a6261a8
[INFO ] 2022-05-09 09:47:04.614 [main] FirestationManagerImpl - Firestation has been updated
[DEBUG] 2022-05-09 09:47:04.624 [main] FirestationManagerImpl - Add a firestation: com.openclassrooms.safetynet.model.Firestation@62fa3c64
[ERROR] 2022-05-09 09:47:04.624 [main] FirestationManagerImpl - Error creating a new firestation
[DEBUG] 2022-05-09 09:47:04.633 [main] FirestationManagerImpl - Get persons by firestation number: 1
[DEBUG] 2022-05-09 09:47:04.645 [main] FirestationManagerImpl - Delete a firestation: com.openclassrooms.safetynet.model.Firestation@6d5983da
[INFO ] 2022-05-09 09:47:04.646 [main] FirestationManagerImpl - Firestation has benn removed
[DEBUG] 2022-05-09 09:47:04.655 [main] FirestationManagerImpl - Add a firestation: com.openclassrooms.safetynet.model.Firestation@3ae7ef01
[INFO ] 2022-05-09 09:47:04.655 [main] FirestationManagerImpl - Firestation has benn created
[DEBUG] 2022-05-09 09:47:04.662 [main] FirestationManagerImpl - Update a firestation: com.openclassrooms.safetynet.model.Firestation@6f67141d
[ERROR] 2022-05-09 09:47:04.662 [main] FirestationManagerImpl - Error updating a firestation
[DEBUG] 2022-05-09 09:47:04.713 [main] FirestationManagerImpl - Add a firestation: com.openclassrooms.safetynet.model.Firestation@e68d067
[INFO ] 2022-05-09 09:47:04.730 [main] FirestationManagerImpl - Firestation has benn created
[INFO ] 2022-05-09 09:47:04.889 [main] MedicalrecordsManagerImpl - Add a medical recordcom.openclassrooms.safetynet.model.Medicalrecord@1456519e
[INFO ] 2022-05-09 09:47:04.895 [main] MedicalrecordsManagerImpl - Update a medical recordcom.openclassrooms.safetynet.model.Medicalrecord@a1eecfc
[INFO ] 2022-05-09 09:47:04.901 [main] MedicalrecordsManagerImpl - Add a medical recordcom.openclassrooms.safetynet.model.Medicalrecord@a1e8ffc
[INFO ] 2022-05-09 09:47:04.959 [main] MedicalrecordsManagerImpl - Delete a medical recordcom.openclassrooms.safetynet.model.Medicalrecord@4c56a128
[INFO ] 2022-05-09 09:47:05.006 [main] MedicalrecordsManagerImpl - Update a medical recordcom.openclassrooms.safetynet.model.Medicalrecord@556218e7
[INFO ] 2022-05-09 09:47:05.016 [main] MedicalrecordsManagerImpl - Delete a medical recordcom.openclassrooms.safetynet.model.Medicalrecord@64049991
[INFO ] 2022-05-09 09:47:05.022 [main] MedicalrecordsManagerImpl - Add a medical recordcom.openclassrooms.safetynet.model.Medicalrecord@4c296f0a
[INFO ] 2022-05-09 09:47:05.030 [main] MedicalrecordsManagerImpl - Update a medical recordcom.openclassrooms.safetynet.model.Medicalrecord@6a42bdef
[INFO ] 2022-05-09 09:47:05.037 [main] MedicalrecordsManagerImpl - Add a medical recordcom.openclassrooms.safetynet.model.Medicalrecord@6b4c4267
[INFO ] 2022-05-09 09:47:05.044 [main] MedicalrecordsManagerImpl - Delete a medical recordcom.openclassrooms.safetynet.model.Medicalrecord@6de4f7c1
[INFO ] 2022-05-09 09:53:10.265 [main] PersonManagerImplIntegrationTest - Starting PersonManagerImplIntegrationTest using Java 1.8.0_312 on jeremy-System-Product-Name with PID 10776 (started by jeremy in /home/jeremy/git/SafetyNetAlerts)
[DEBUG] 2022-05-09 09:53:10.269 [main] PersonManagerImplIntegrationTest - Running with Spring Boot v2.6.6, Spring v5.3.18
[INFO ] 2022-05-09 09:53:10.269 [main] PersonManagerImplIntegrationTest - No active profile set, falling back to 1 default profile: "default"
[INFO ] 2022-05-09 09:53:14.439 [main] PersonManagerImplIntegrationTest - Started PersonManagerImplIntegrationTest in 4.512 seconds (JVM running for 6.447)
[DEBUG] 2022-05-09 09:53:14.707 [main] PersonManagerImpl - Get all persons by address: John Boyd
[INFO ] 2022-05-09 09:57:23.925 [main] FirestationManagerImplIntegrationTest - Starting FirestationManagerImplIntegrationTest using Java 1.8.0_312 on jeremy-System-Product-Name with PID 11037 (started by jeremy in /home/jeremy/git/SafetyNetAlerts)
[DEBUG] 2022-05-09 09:57:23.929 [main] FirestationManagerImplIntegrationTest - Running with Spring Boot v2.6.6, Spring v5.3.18
[INFO ] 2022-05-09 09:57:23.930 [main] FirestationManagerImplIntegrationTest - No active profile set, falling back to 1 default profile: "default"
[INFO ] 2022-05-09 09:57:28.098 [main] FirestationManagerImplIntegrationTest - Started FirestationManagerImplIntegrationTest in 4.584 seconds (JVM running for 6.513)
[DEBUG] 2022-05-09 09:57:28.356 [main] FirestationManagerImpl - Get persons by firestation number: 1
[DEBUG] 2022-05-09 09:57:28.360 [main] FirestationManagerImpl - Get persons by firestation number: 1
[INFO ] 2022-05-09 09:58:50.458 [main] SafetyNetApplication - Starting SafetyNetApplication using Java 1.8.0_312 on jeremy-System-Product-Name with PID 11168 (/home/jeremy/git/SafetyNetAlerts/target/classes started by jeremy in /home/jeremy/git/SafetyNetAlerts)
[DEBUG] 2022-05-09 09:58:50.467 [main] SafetyNetApplication - Running with Spring Boot v2.6.6, Spring v5.3.18
[INFO ] 2022-05-09 09:58:50.468 [main] SafetyNetApplication - No active profile set, falling back to 1 default profile: "default"
[INFO ] 2022-05-09 09:58:53.962 [main] SafetyNetApplication - Started SafetyNetApplication in 3.876 seconds (JVM running for 4.776)
[DEBUG] 2022-05-09 09:59:12.149 [http-nio-8080-exec-2] FirestationManagerImpl - Get persons by firestation number: 2
[DEBUG] 2022-05-09 09:59:12.151 [http-nio-8080-exec-2] FirestationManagerImpl - Get persons by firestation number: 2
[INFO ] 2022-05-09 09:59:52.133 [main] CommunityEmailControllerTest - Starting CommunityEmailControllerTest using Java 1.8.0_312 on jeremy-System-Product-Name with PID 11464 (started by jeremy in /home/jeremy/git/SafetyNetAlerts)
[DEBUG] 2022-05-09 09:59:52.141 [main] CommunityEmailControllerTest - Running with Spring Boot v2.6.6, Spring v5.3.18
[INFO ] 2022-05-09 09:59:52.143 [main] CommunityEmailControllerTest - No active profile set, falling back to 1 default profile: "default"
[INFO ] 2022-05-09 09:59:55.619 [main] CommunityEmailControllerTest - Started CommunityEmailControllerTest in 4.165 seconds (JVM running for 7.757)
[DEBUG] 2022-05-09 09:59:56.040 [main] PersonManagerImpl - Delete a person: lastNameTest firstNameTest
[INFO ] 2022-05-09 09:59:56.045 [main] PersonManagerImpl - person has been removed
[DEBUG] 2022-05-09 09:59:56.052 [main] PersonManagerImpl - Update a person: firstNameTest lastNameTest
[INFO ] 2022-05-09 09:59:56.053 [main] PersonManagerImpl - person has been updated
[DEBUG] 2022-05-09 09:59:56.062 [main] PersonManagerImpl - Add a person: lastName firstName
[ERROR] 2022-05-09 09:59:56.063 [main] PersonManagerImpl - Impossible to create this person, this person exist already
[DEBUG] 2022-05-09 09:59:56.073 [main] PersonManagerImpl - Add a person: lastNameTest firstNameTest
[INFO ] 2022-05-09 09:59:56.073 [main] PersonManagerImpl - person has been added
[INFO ] 2022-05-09 09:59:56.271 [main] PersonManagerImplIntegrationTest - Starting PersonManagerImplIntegrationTest using Java 1.8.0_312 on jeremy-System-Product-Name with PID 11464 (started by jeremy in /home/jeremy/git/SafetyNetAlerts)
[DEBUG] 2022-05-09 09:59:56.272 [main] PersonManagerImplIntegrationTest - Running with Spring Boot v2.6.6, Spring v5.3.18
[INFO ] 2022-05-09 09:59:56.273 [main] PersonManagerImplIntegrationTest - No active profile set, falling back to 1 default profile: "default"
[INFO ] 2022-05-09 09:59:59.251 [main] PersonManagerImplIntegrationTest - Started PersonManagerImplIntegrationTest in 3.104 seconds (JVM running for 11.389)
[DEBUG] 2022-05-09 09:59:59.266 [main] PersonManagerImpl - Get all mails by the city: Culver
[DEBUG] 2022-05-09 09:59:59.279 [main] PersonManagerImpl - Update a person: Jeremy Boyd
[ERROR] 2022-05-09 09:59:59.280 [main] PersonManagerImpl - Impossible to update this person, this person doesn't exist
[DEBUG] 2022-05-09 09:59:59.285 [main] PersonManagerImpl - Update a person: Boyd Jacob
[INFO ] 2022-05-09 09:59:59.285 [main] PersonManagerImpl - person has been updated
[DEBUG] 2022-05-09 09:59:59.296 [main] PersonManagerImpl - Get all persons by address: John Boyd
[DEBUG] 2022-05-09 09:59:59.311 [main] PersonManagerImpl - Delete a person: Boyd Jacob
[INFO ] 2022-05-09 09:59:59.312 [main] PersonManagerImpl - person has been removed
[DEBUG] 2022-05-09 09:59:59.330 [main] PersonManagerImpl - Add a person: Jeremy Charpentier
[INFO ] 2022-05-09 09:59:59.330 [main] PersonManagerImpl - person has been added
[DEBUG] 2022-05-09 09:59:59.344 [main] PersonManagerImpl - Get all mails by the city: 
[DEBUG] 2022-05-09 09:59:59.377 [main] PersonManagerImpl - Add a person: John Boyd
[INFO ] 2022-05-09 09:59:59.380 [main] PersonManagerImpl - person has been added
[DEBUG] 2022-05-09 09:59:59.384 [main] PersonManagerImpl - Add a person: John Boyd
[ERROR] 2022-05-09 09:59:59.385 [main] PersonManagerImpl - Impossible to create this person, this person exist already
[DEBUG] 2022-05-09 09:59:59.392 [main] PersonManagerImpl - Delete a person: Jeremy Boyd
[ERROR] 2022-05-09 09:59:59.393 [main] PersonManagerImpl - Impossible to delete this person, this person doesn't exist
[DEBUG] 2022-05-09 09:59:59.433 [main] FirestationManagerImpl - Delete a firestation: com.openclassrooms.safetynet.model.Firestation@735b025f
[ERROR] 2022-05-09 09:59:59.434 [main] FirestationManagerImpl - Error deleting a firestation
[DEBUG] 2022-05-09 09:59:59.440 [main] FirestationManagerImpl - Get phone by firestation number1
[INFO ] 2022-05-09 09:59:59.441 [main] FirestationManagerImpl - Phone number by firestation number has been recovered
[DEBUG] 2022-05-09 09:59:59.461 [main] FirestationManagerImpl - Update a firestation: com.openclassrooms.safetynet.model.Firestation@3c0178f
[INFO ] 2022-05-09 09:59:59.485 [main] FirestationManagerImpl - Firestation has been updated
[DEBUG] 2022-05-09 09:59:59.505 [main] FirestationManagerImpl - Add a firestation: com.openclassrooms.safetynet.model.Firestation@7e7cd025
[ERROR] 2022-05-09 09:59:59.506 [main] FirestationManagerImpl - Error creating a new firestation
[DEBUG] 2022-05-09 09:59:59.514 [main] FirestationManagerImpl - Get persons by firestation number: 1
[DEBUG] 2022-05-09 09:59:59.522 [main] FirestationManagerImpl - Delete a firestation: com.openclassrooms.safetynet.model.Firestation@ff2f2ae
[INFO ] 2022-05-09 09:59:59.529 [main] FirestationManagerImpl - Firestation has benn removed
[DEBUG] 2022-05-09 09:59:59.537 [main] FirestationManagerImpl - Add a firestation: com.openclassrooms.safetynet.model.Firestation@a07134c
[INFO ] 2022-05-09 09:59:59.538 [main] FirestationManagerImpl - Firestation has benn created
[DEBUG] 2022-05-09 09:59:59.551 [main] FirestationManagerImpl - Update a firestation: com.openclassrooms.safetynet.model.Firestation@ac8f75d
[ERROR] 2022-05-09 09:59:59.551 [main] FirestationManagerImpl - Error updating a firestation
[DEBUG] 2022-05-09 09:59:59.572 [main] FirestationManagerImpl - Add a firestation: com.openclassrooms.safetynet.model.Firestation@6d5983da
[INFO ] 2022-05-09 09:59:59.572 [main] FirestationManagerImpl - Firestation has benn created
[INFO ] 2022-05-09 09:59:59.782 [main] MedicalrecordsManagerImpl - Add a medical recordcom.openclassrooms.safetynet.model.Medicalrecord@752e8e44
[INFO ] 2022-05-09 09:59:59.791 [main] MedicalrecordsManagerImpl - Update a medical recordcom.openclassrooms.safetynet.model.Medicalrecord@1cd80de2
[INFO ] 2022-05-09 09:59:59.797 [main] MedicalrecordsManagerImpl - Add a medical recordcom.openclassrooms.safetynet.model.Medicalrecord@709b0805
[INFO ] 2022-05-09 09:59:59.815 [main] MedicalrecordsManagerImpl - Delete a medical recordcom.openclassrooms.safetynet.model.Medicalrecord@6a250421
[INFO ] 2022-05-09 09:59:59.881 [main] MedicalrecordsManagerImpl - Update a medical recordcom.openclassrooms.safetynet.model.Medicalrecord@3e3c3c86
[INFO ] 2022-05-09 09:59:59.892 [main] MedicalrecordsManagerImpl - Delete a medical recordcom.openclassrooms.safetynet.model.Medicalrecord@4c56a128
[INFO ] 2022-05-09 09:59:59.902 [main] MedicalrecordsManagerImpl - Add a medical recordcom.openclassrooms.safetynet.model.Medicalrecord@33b1b262
[INFO ] 2022-05-09 09:59:59.912 [main] MedicalrecordsManagerImpl - Update a medical recordcom.openclassrooms.safetynet.model.Medicalrecord@4c489b4f
[INFO ] 2022-05-09 09:59:59.918 [main] MedicalrecordsManagerImpl - Add a medical recordcom.openclassrooms.safetynet.model.Medicalrecord@54c0515c
[INFO ] 2022-05-09 09:59:59.927 [main] MedicalrecordsManagerImpl - Delete a medical recordcom.openclassrooms.safetynet.model.Medicalrecord@1890fbb8
[DEBUG] 2022-05-09 10:10:15.736 [http-nio-8080-exec-1] FirestationManagerImpl - Get persons by address834 Binoc Ave
[INFO ] 2022-05-09 10:11:18.326 [main] FirestationManagerImplIntegrationTest - Starting FirestationManagerImplIntegrationTest using Java 1.8.0_312 on jeremy-System-Product-Name with PID 13037 (started by jeremy in /home/jeremy/git/SafetyNetAlerts)
[DEBUG] 2022-05-09 10:11:18.329 [main] FirestationManagerImplIntegrationTest - Running with Spring Boot v2.6.6, Spring v5.3.18
[INFO ] 2022-05-09 10:11:18.330 [main] FirestationManagerImplIntegrationTest - No active profile set, falling back to 1 default profile: "default"
[INFO ] 2022-05-09 10:11:23.136 [main] FirestationManagerImplIntegrationTest - Started FirestationManagerImplIntegrationTest in 5.252 seconds (JVM running for 7.242)
[DEBUG] 2022-05-09 10:11:23.398 [main] FirestationManagerImpl - Get persons by addressaddress1
[INFO ] 2022-05-09 10:14:19.024 [main] CommunityEmailControllerTest - Starting CommunityEmailControllerTest using Java 1.8.0_312 on jeremy-System-Product-Name with PID 13212 (started by jeremy in /home/jeremy/git/SafetyNetAlerts)
[DEBUG] 2022-05-09 10:14:19.034 [main] CommunityEmailControllerTest - Running with Spring Boot v2.6.6, Spring v5.3.18
[INFO ] 2022-05-09 10:14:19.036 [main] CommunityEmailControllerTest - No active profile set, falling back to 1 default profile: "default"
[INFO ] 2022-05-09 10:14:23.003 [main] CommunityEmailControllerTest - Started CommunityEmailControllerTest in 5.263 seconds (JVM running for 9.373)
[DEBUG] 2022-05-09 10:14:23.286 [main] PersonManagerImpl - Delete a person: lastNameTest firstNameTest
[INFO ] 2022-05-09 10:14:23.290 [main] PersonManagerImpl - person has been removed
[DEBUG] 2022-05-09 10:14:23.297 [main] PersonManagerImpl - Update a person: firstNameTest lastNameTest
[INFO ] 2022-05-09 10:14:23.298 [main] PersonManagerImpl - person has been updated
[DEBUG] 2022-05-09 10:14:23.307 [main] PersonManagerImpl - Add a person: lastName firstName
[ERROR] 2022-05-09 10:14:23.308 [main] PersonManagerImpl - Impossible to create this person, this person exist already
[DEBUG] 2022-05-09 10:14:23.315 [main] PersonManagerImpl - Add a person: lastNameTest firstNameTest
[INFO ] 2022-05-09 10:14:23.316 [main] PersonManagerImpl - person has been added
[INFO ] 2022-05-09 10:14:23.381 [main] PersonManagerImplIntegrationTest - Starting PersonManagerImplIntegrationTest using Java 1.8.0_312 on jeremy-System-Product-Name with PID 13212 (started by jeremy in /home/jeremy/git/SafetyNetAlerts)
[DEBUG] 2022-05-09 10:14:23.382 [main] PersonManagerImplIntegrationTest - Running with Spring Boot v2.6.6, Spring v5.3.18
[INFO ] 2022-05-09 10:14:23.382 [main] PersonManagerImplIntegrationTest - No active profile set, falling back to 1 default profile: "default"
[INFO ] 2022-05-09 10:14:26.529 [main] PersonManagerImplIntegrationTest - Started PersonManagerImplIntegrationTest in 3.185 seconds (JVM running for 12.899)
[DEBUG] 2022-05-09 10:14:26.544 [main] PersonManagerImpl - Get all mails by the city: Culver
[DEBUG] 2022-05-09 10:14:26.556 [main] PersonManagerImpl - Update a person: Jeremy Boyd
[ERROR] 2022-05-09 10:14:26.557 [main] PersonManagerImpl - Impossible to update this person, this person doesn't exist
[DEBUG] 2022-05-09 10:14:26.563 [main] PersonManagerImpl - Update a person: Boyd Jacob
[INFO ] 2022-05-09 10:14:26.563 [main] PersonManagerImpl - person has been updated
[DEBUG] 2022-05-09 10:14:26.569 [main] PersonManagerImpl - Get all persons by address: John Boyd
[DEBUG] 2022-05-09 10:14:26.584 [main] PersonManagerImpl - Delete a person: Boyd Jacob
[INFO ] 2022-05-09 10:14:26.584 [main] PersonManagerImpl - person has been removed
[DEBUG] 2022-05-09 10:14:26.595 [main] PersonManagerImpl - Add a person: Jeremy Charpentier
[INFO ] 2022-05-09 10:14:26.595 [main] PersonManagerImpl - person has been added
[DEBUG] 2022-05-09 10:14:26.600 [main] PersonManagerImpl - Get all mails by the city: 
[DEBUG] 2022-05-09 10:14:26.611 [main] PersonManagerImpl - Add a person: John Boyd
[INFO ] 2022-05-09 10:14:26.611 [main] PersonManagerImpl - person has been added
[DEBUG] 2022-05-09 10:14:26.613 [main] PersonManagerImpl - Add a person: John Boyd
[ERROR] 2022-05-09 10:14:26.617 [main] PersonManagerImpl - Impossible to create this person, this person exist already
[DEBUG] 2022-05-09 10:14:26.625 [main] PersonManagerImpl - Delete a person: Jeremy Boyd
[ERROR] 2022-05-09 10:14:26.625 [main] PersonManagerImpl - Impossible to delete this person, this person doesn't exist
[DEBUG] 2022-05-09 10:14:26.668 [main] FirestationManagerImpl - Delete a firestation: com.openclassrooms.safetynet.model.Firestation@5741ff2f
[ERROR] 2022-05-09 10:14:26.668 [main] FirestationManagerImpl - Error deleting a firestation
[DEBUG] 2022-05-09 10:14:26.674 [main] FirestationManagerImpl - Get phone by firestation number1
[INFO ] 2022-05-09 10:14:26.676 [main] FirestationManagerImpl - Phone number by firestation number has been recovered
[DEBUG] 2022-05-09 10:14:26.691 [main] FirestationManagerImpl - Update a firestation: com.openclassrooms.safetynet.model.Firestation@15bf089
[INFO ] 2022-05-09 10:14:26.691 [main] FirestationManagerImpl - Firestation has been updated
[DEBUG] 2022-05-09 10:14:26.705 [main] FirestationManagerImpl - Add a firestation: com.openclassrooms.safetynet.model.Firestation@e3a85d4
[ERROR] 2022-05-09 10:14:26.706 [main] FirestationManagerImpl - Error creating a new firestation
[DEBUG] 2022-05-09 10:14:26.716 [main] FirestationManagerImpl - Get persons by firestation number: 1
[DEBUG] 2022-05-09 10:14:26.730 [main] FirestationManagerImpl - Get persons by addressaddress1
[DEBUG] 2022-05-09 10:14:26.736 [main] FirestationManagerImpl - Delete a firestation: com.openclassrooms.safetynet.model.Firestation@fc51be6
[INFO ] 2022-05-09 10:14:26.736 [main] FirestationManagerImpl - Firestation has benn removed
[DEBUG] 2022-05-09 10:14:26.742 [main] FirestationManagerImpl - Add a firestation: com.openclassrooms.safetynet.model.Firestation@73535dea
[INFO ] 2022-05-09 10:14:26.742 [main] FirestationManagerImpl - Firestation has benn created
[DEBUG] 2022-05-09 10:14:26.749 [main] FirestationManagerImpl - Update a firestation: com.openclassrooms.safetynet.model.Firestation@77b639e
[ERROR] 2022-05-09 10:14:26.749 [main] FirestationManagerImpl - Error updating a firestation
[DEBUG] 2022-05-09 10:14:26.763 [main] FirestationManagerImpl - Add a firestation: com.openclassrooms.safetynet.model.Firestation@72cb851f
[INFO ] 2022-05-09 10:14:26.764 [main] FirestationManagerImpl - Firestation has benn created
[INFO ] 2022-05-09 10:14:26.894 [main] MedicalrecordsManagerImpl - Add a medical recordcom.openclassrooms.safetynet.model.Medicalrecord@6c367b6e
[INFO ] 2022-05-09 10:14:26.901 [main] MedicalrecordsManagerImpl - Update a medical recordcom.openclassrooms.safetynet.model.Medicalrecord@4c489b4f
[INFO ] 2022-05-09 10:14:26.912 [main] MedicalrecordsManagerImpl - Add a medical recordcom.openclassrooms.safetynet.model.Medicalrecord@54c0515c
[INFO ] 2022-05-09 10:14:26.930 [main] MedicalrecordsManagerImpl - Delete a medical recordcom.openclassrooms.safetynet.model.Medicalrecord@42ba4ff0
[INFO ] 2022-05-09 10:14:26.963 [main] MedicalrecordsManagerImpl - Update a medical recordcom.openclassrooms.safetynet.model.Medicalrecord@6de4f7c1
[INFO ] 2022-05-09 10:14:26.968 [main] MedicalrecordsManagerImpl - Delete a medical recordcom.openclassrooms.safetynet.model.Medicalrecord@599bf881
[INFO ] 2022-05-09 10:14:26.977 [main] MedicalrecordsManagerImpl - Add a medical recordcom.openclassrooms.safetynet.model.Medicalrecord@76497134
[INFO ] 2022-05-09 10:14:26.985 [main] MedicalrecordsManagerImpl - Update a medical recordcom.openclassrooms.safetynet.model.Medicalrecord@48066197
[INFO ] 2022-05-09 10:14:26.996 [main] MedicalrecordsManagerImpl - Add a medical recordcom.openclassrooms.safetynet.model.Medicalrecord@115468f
[INFO ] 2022-05-09 10:14:27.002 [main] MedicalrecordsManagerImpl - Delete a medical recordcom.openclassrooms.safetynet.model.Medicalrecord@4a348dbe
